start missing acc
dataAccUpdate [
  {
    memberId: '45677',
    receiptAccId: '101',
    receiptAccName: 'บำเหน็จรายเดือน'
  },
  {
    memberId: '45678',
    receiptAccId: '210',
    receiptAccName: 'สชป.1 ฝ่ายบริหารทั่วไป'
  },
  {
    memberId: '45679',
    receiptAccId: '32T',
    receiptAccName: 'สชป.12 โครงการส่งน้ำและบำรุงรักษาโพธิ์พระยา'
  },
  {
    memberId: '45680',
    receiptAccId: '101',
    receiptAccName: 'บำเหน็จรายเดือน'
  },
  {
    memberId: '45681',
    receiptAccId: '36E',
    receiptAccName: 'สชป.16 โครงการก่อสร้าง'
  },
  {
    memberId: '45682',
    receiptAccId: '05G',
    receiptAccName: 'กองพัฒนาแหล่งน้ำขนาดกลาง ก่อสร้างขนาดกลางที่ 5'
  },
  {
    memberId: '45683',
    receiptAccId: '30Q',
    receiptAccName: 'สชป.10 โครงการส่งน้ำและบำรุงรักษามโนรมย์'
  },
  { memberId: '45684', receiptAccId: '9*9', receiptAccName: 'ลาออก' },
  {
    memberId: '45685',
    receiptAccId: '987',
    receiptAccName: 'เสียชีวิต'
  },
  { memberId: '45686', receiptAccId: '825', receiptAccName: undefined },
  {
    memberId: '45687',
    receiptAccId: '812',
    receiptAccName: 'พนักงานราชการ สชป.12'
  },
  { memberId: '45688', receiptAccId: '89C', receiptAccName: undefined },
  {
    memberId: '45689',
    receiptAccId: '89G',
    receiptAccName: 'พนักงานราชการสำนักงานก่อสร้างชลประทานขนาดกลางที่16'
  },
  {
    memberId: '45690',
    receiptAccId: '22B',
    receiptAccName: 'สชป.2 ส่วนบริหารจัดการน้ำและบำรุงรักษา'
  },
  {
    memberId: '45691',
    receiptAccId: '810',
    receiptAccName: 'พนักงานราชการ สชป.10'
  },
  {
    memberId: '45692',
    receiptAccId: '809',
    receiptAccName: 'พนักงานราชการ สชป.9'
  },
  { memberId: '45693', receiptAccId: '9*9', receiptAccName: 'ลาออก' },
  {
    memberId: '45694',
    receiptAccId: '13C',
    receiptAccName: 'สบอ. ศูนย์อุทกวิทยาชลประทานภาคตะวันออก'
  },
  {
    memberId: '45695',
    receiptAccId: '821',
    receiptAccName: 'พนักงานราชการสำนักบริหารจัดการน้ำและอุทกวิทยา'
  },
  {
    memberId: '45696',
    receiptAccId: '08A',
    receiptAccName: 'สำนักกฎหมายและที่ดิน ส่วนกรรมสิทธิ์ที่ดิน'
  },
  {
    memberId: '45697',
    receiptAccId: '08B',
    receiptAccName: 'สำนักกฎหมายและที่ดิน ส่วนจัดหาที่ดินที่ 1'
  },
  {
    memberId: '45698',
    receiptAccId: '27J',
    receiptAccName: 'สชป.7 โครงการชลประทานอุบลราขธานี'
  },
  {
    memberId: '45699',
    receiptAccId: '819',
    receiptAccName: 'พนักงานราชการสำนักเครื่องจักรกล'
  },
  {
    memberId: '45701',
    receiptAccId: '22D',
    receiptAccName: 'สชป.2 ส่วนวิศวกรรม'
  },
  {
    memberId: '45703',
    receiptAccId: '260',
    receiptAccName: 'สชป.6 ฝ่ายบริหารทั่วไป'
  },
  {
    memberId: '45704',
    receiptAccId: '806',
    receiptAccName: 'พนักงานราชการ สชป.6'
  },
  {
    memberId: '45705',
    receiptAccId: '*9*',
    receiptAccName: 'จ่ายแทนกันบำเหน็จรายเดือน'
  },
  {
    memberId: '45706',
    receiptAccId: '17F',
    receiptAccName: 'สสธ. ส่วนสำรวจกันเขตและประสานงานรังวัด'
  },
  {
    memberId: '45707',
    receiptAccId: '895',
    receiptAccName: 'พนักงานราชการสำนักงานก่อสร้างชลประทานขนาดกลางที่ 5'
  },
  {
    memberId: '45708',
    receiptAccId: '895',
    receiptAccName: 'พนักงานราชการสำนักงานก่อสร้างชลประทานขนาดกลางที่ 5'
  },
  {
    memberId: '45709',
    receiptAccId: '816',
    receiptAccName: 'พนักงานราชการ สชป.16'
  },
  {
    memberId: '45710',
    receiptAccId: '13H',
    receiptAccName: 'สบอ. ศูนย์อุทกวิทยาชลประทานภาคดหนือตอนล่าง'
  },
  {
    memberId: '45711',
    receiptAccId: '823',
    receiptAccName: 'พนักงานราชการสำนักพัฒนาแหล่งน้ำขนาดใหญ่'
  },
  {
    memberId: '45712',
    receiptAccId: '09K',
    receiptAccName: 'สำนักเครื่องจักรกล ส่วนโรงงาน'
  },
  { memberId: '45713', receiptAccId: '*2*', receiptAccName: 'บำนาญ' },
  {
    memberId: '45714',
    receiptAccId: '220',
    receiptAccName: 'สชป.2 ฝ่ายบริหารทั่วไป'
  },
  {
    memberId: '45715',
    receiptAccId: '805',
    receiptAccName: 'พนักงานราชการ สชป.5'
  },
  {
    memberId: '45716',
    receiptAccId: '812',
    receiptAccName: 'พนักงานราชการ สชป.12'
  },
  {
    memberId: '45719',
    receiptAccId: '806',
    receiptAccName: 'พนักงานราชการ สชป.6'
  },
  {
    memberId: '45720',
    receiptAccId: '33B',
    receiptAccName: 'สชป.13 ส่วนบริหารจัดการน้ำและบำรุงรักษา'
  },
  {
    memberId: '45721',
    receiptAccId: '23A',
    receiptAccName: 'สชป.3 ส่วนเครื่องจักรกล'
  },
  {
    memberId: '45722',
    receiptAccId: '33D',
    receiptAccName: 'สชป.13 ส่วนวิศวกรรม'
  },
  {
    memberId: '45723',
    receiptAccId: '813',
    receiptAccName: 'พนักงานราชการ สชป.13'
  },
  {
    memberId: '45724',
    receiptAccId: '807',
    receiptAccName: 'พนักงานราชการ สชป.7'
  },
  {
    memberId: '45726',
    receiptAccId: '220',
    receiptAccName: 'สชป.2 ฝ่ายบริหารทั่วไป'
  },
  {
    memberId: '45727',
    receiptAccId: '*9*',
    receiptAccName: 'จ่ายแทนกันบำเหน็จรายเดือน'
  },
  {
    memberId: '45728',
    receiptAccId: '***',
    receiptAccName: 'ชำระล่วงหน้า'
  },
  {
    memberId: '45730',
    receiptAccId: '27L',
    receiptAccName: 'สชป.7 โครงการส่งน้ำและบำรุงรักษาโดมน้อย'
  },
  {
    memberId: '45731',
    receiptAccId: '14E',
    receiptAccName: 'สำนักบริหารทรัพยากรบุคคล ส่วนวิชาการและประเมินฯ'
  },
  {
    memberId: '45732',
    receiptAccId: '060',
    receiptAccName: 'กองพัสดุ ฝ่ายบริหารทั่วไป'
  },
  {
    memberId: '45733',
    receiptAccId: '14G',
    receiptAccName: 'สำนักบริหารทรัพยากรบุคคล ส่วนสรรหาและบรรจุแต่งตั้ง'
  },
  {
    memberId: '45734',
    receiptAccId: '89G',
    receiptAccName: 'พนักงานราชการสำนักงานก่อสร้างชลประทานขนาดกลางที่16'
  },
  {
    memberId: '45735',
    receiptAccId: '***',
    receiptAccName: 'ชำระล่วงหน้า'
  },
  {
    memberId: '45736',
    receiptAccId: '25F',
    receiptAccName: 'สชป.5 โครงการก่อสร้าง'
  },
  {
    memberId: '45737',
    receiptAccId: '030',
    receiptAccName: 'กองการเงินและบัญชี ฝ่ายบริหารทั่วไป'
  },
  {
    memberId: '45738',
    receiptAccId: '26I',
    receiptAccName: 'สชป.6 โครงการชลประทานมหาสารคาม'
  },
  {
    memberId: '45739',
    receiptAccId: '30N',
    receiptAccName: 'สชป.10 โครงการส่งน้ำและบำรุงรักษาบางบาล'
  },
  {
    memberId: '45740',
    receiptAccId: '***',
    receiptAccName: 'ชำระล่วงหน้า'
  },
  {
    memberId: '45741',
    receiptAccId: '*13',
    receiptAccName: 'จ่ายแทนกัน สชป.13'
  },
  {
    memberId: '45742',
    receiptAccId: '36H',
    receiptAccName: 'สชป.16 โครงการชลประทานสงขลา'
  },
  {
    memberId: '45743',
    receiptAccId: '***',
    receiptAccName: 'ชำระล่วงหน้า'
  },
  {
    memberId: '45744',
    receiptAccId: '819',
    receiptAccName: 'พนักงานราชการสำนักเครื่องจักรกล'
  },
  {
    memberId: '45745',
    receiptAccId: '31N',
    receiptAccName: 'สชป.11 โครงการส่งน้ำและบำรุงรักษาพระองค์ไชยานุชิต'
  },
  {
    memberId: '45746',
    receiptAccId: '89G',
    receiptAccName: 'พนักงานราชการสำนักงานก่อสร้างชลประทานขนาดกลางที่16'
  },
  {
    memberId: '45747',
    receiptAccId: '101',
    receiptAccName: 'บำเหน็จรายเดือน'
  },
  {
    memberId: '45748',
    receiptAccId: '805',
    receiptAccName: 'พนักงานราชการ สชป.5'
  },
  {
    memberId: '45749',
    receiptAccId: '***',
    receiptAccName: 'ชำระล่วงหน้า'
  },
  {
    memberId: '45750',
    receiptAccId: '05C',
    receiptAccName: 'กองพัฒนาแหล่งน้ำขนาดกลาง ก่อสร้างขนาดกลางที่ 1'
  },
  {
    memberId: '45751',
    receiptAccId: '33E',
    receiptAccName: 'สชป.13 โครงการก่อสร้าง'
  },
  {
    memberId: '45752',
    receiptAccId: '26N',
    receiptAccName: 'สชป.6 โครงการส่งน้ำและบำรุงรักษาลำปาว'
  },
  {
    memberId: '45753',
    receiptAccId: '816',
    receiptAccName: 'พนักงานราชการ สชป.16'
  },
  {
    memberId: '45754',
    receiptAccId: '801',
    receiptAccName: 'พนักงานราชการ สชป.1'
  },
  {
    memberId: '45755',
    receiptAccId: '09D',
    receiptAccName: 'สำนักเครื่องจักรกล ส่วนบริหารเครื่องจักรกลที่ 2'
  },
  {
    memberId: '45756',
    receiptAccId: '808',
    receiptAccName: 'พนักงานราชการ สชป.8'
  },
  {
    memberId: '45757',
    receiptAccId: '*08',
    receiptAccName: 'จ่ายแทนกัน สชป.8'
  },
  {
    memberId: '45758',
    receiptAccId: '*08',
    receiptAccName: 'จ่ายแทนกัน สชป.8'
  },
  {
    memberId: '45759',
    receiptAccId: '808',
    receiptAccName: 'พนักงานราชการ สชป.8'
  },
  {
    memberId: '45760',
    receiptAccId: '*9*',
    receiptAccName: 'จ่ายแทนกันบำเหน็จรายเดือน'
  },
  {
    memberId: '45761',
    receiptAccId: '*08',
    receiptAccName: 'จ่ายแทนกัน สชป.8'
  },
  {
    memberId: '45762',
    receiptAccId: '10C',
    receiptAccName: 'สำนักงานจัดรูปที่ดินกลาง ส่วนวิศวกรรม'
  },
  {
    memberId: '45763',
    receiptAccId: '26C',
    receiptAccName: 'สชป.6 ส่วนแผนงาน'
  },
  {
    memberId: '45766',
    receiptAccId: '821',
    receiptAccName: 'พนักงานราชการสำนักบริหารจัดการน้ำและอุทกวิทยา'
  },
  {
    memberId: '45772',
    receiptAccId: '808',
    receiptAccName: 'พนักงานราชการ สชป.8'
  },
  {
    memberId: '45773',
    receiptAccId: '*4*',
    receiptAccName: 'จ่ายแทนกัน'
  },
  {
    memberId: '45774',
    receiptAccId: '812',
    receiptAccName: 'พนักงานราชการ สชป.12'
  },
  {
    memberId: '45775',
    receiptAccId: '280',
    receiptAccName: 'สชป.8 ฝ่ายบริหารทั่วไป'
  },
  {
    memberId: '45776',
    receiptAccId: '28H',
    receiptAccName: 'สชป.8 โครงการชลประทานศรีสะเกษ'
  },
  { memberId: '45777', receiptAccId: '*2*', receiptAccName: 'บำนาญ' },
  {
    memberId: '45778',
    receiptAccId: '89G',
    receiptAccName: 'พนักงานราชการสำนักงานก่อสร้างชลประทานขนาดกลางที่16'
  },
  { memberId: '45779', receiptAccId: '*2*', receiptAccName: 'บำนาญ' },
  {
    memberId: '45780',
    receiptAccId: '370',
    receiptAccName: 'สชป.17 ฝ่าบบริหารทั่วไป'
  },
  {
    memberId: '45781',
    receiptAccId: '89G',
    receiptAccName: 'พนักงานราชการสำนักงานก่อสร้างชลประทานขนาดกลางที่16'
  },
  {
    memberId: '45782',
    receiptAccId: '05R',
    receiptAccName: 'กองพัฒนาแหล่งน้ำขนาดกลาง ก่อสร้างขนาดกลางที่ 16'
  },
  {
    memberId: '45783',
    receiptAccId: '812',
    receiptAccName: 'พนักงานราชการ สชป.12'
  },
  {
    memberId: '45784',
    receiptAccId: '17F',
    receiptAccName: 'สสธ. ส่วนสำรวจกันเขตและประสานงานรังวัด'
  },
  { memberId: '45785', receiptAccId: '*2*', receiptAccName: 'บำนาญ' },
  {
    memberId: '45786',
    receiptAccId: '24A',
    receiptAccName: 'สชป.4 ส่วนเครื่องจักรกล'
  },
  {
    memberId: '45787',
    receiptAccId: '811',
    receiptAccName: 'พนักงานราชการ สชป.11'
  },
  {
    memberId: '45788',
    receiptAccId: '809',
    receiptAccName: 'พนักงานราชการ สชป.9'
  },
  {
    memberId: '45789',
    receiptAccId: '809',
    receiptAccName: 'พนักงานราชการ สชป.9'
  },
  ... 60 more items
]
insert success 1 of 160 : 45677
insert success 2 of 160 : 45678
insert success 3 of 160 : 45679
insert success 4 of 160 : 45680
insert success 5 of 160 : 45681
insert success 6 of 160 : 45682
insert success 7 of 160 : 45683
insert success 8 of 160 : 45684
insert success 9 of 160 : 45685
insert success 10 of 160 : 45686
insert success 11 of 160 : 45687
insert success 12 of 160 : 45688
insert success 13 of 160 : 45689
insert success 14 of 160 : 45690
insert success 15 of 160 : 45691
insert success 16 of 160 : 45692
insert success 17 of 160 : 45693
insert success 18 of 160 : 45694
insert success 19 of 160 : 45695
insert success 20 of 160 : 45696
insert success 21 of 160 : 45697
insert success 22 of 160 : 45698
insert success 23 of 160 : 45699
insert success 24 of 160 : 45701
insert success 25 of 160 : 45703
insert success 26 of 160 : 45704
insert success 27 of 160 : 45705
insert success 28 of 160 : 45706
insert success 29 of 160 : 45707
insert success 30 of 160 : 45708
insert success 31 of 160 : 45709
insert success 32 of 160 : 45710
insert success 33 of 160 : 45711
insert success 34 of 160 : 45712
insert success 35 of 160 : 45713
insert success 36 of 160 : 45714
insert success 37 of 160 : 45715
insert success 38 of 160 : 45716
insert success 39 of 160 : 45719
insert success 40 of 160 : 45720
insert success 41 of 160 : 45721
insert success 42 of 160 : 45722
insert success 43 of 160 : 45723
insert success 44 of 160 : 45724
insert success 45 of 160 : 45726
insert success 46 of 160 : 45727
insert success 47 of 160 : 45728
insert success 48 of 160 : 45730
insert success 49 of 160 : 45731
insert success 50 of 160 : 45732
insert success 51 of 160 : 45733
insert success 52 of 160 : 45734
insert success 53 of 160 : 45735
insert success 54 of 160 : 45736
insert success 55 of 160 : 45737
insert success 56 of 160 : 45738
insert success 57 of 160 : 45739
insert success 58 of 160 : 45740
insert success 59 of 160 : 45741
insert success 60 of 160 : 45742
insert success 61 of 160 : 45743
insert success 62 of 160 : 45744
insert success 63 of 160 : 45745
insert success 64 of 160 : 45746
insert success 65 of 160 : 45747
insert success 66 of 160 : 45748
insert success 67 of 160 : 45749
insert success 68 of 160 : 45750
insert success 69 of 160 : 45751
insert success 70 of 160 : 45752
insert success 71 of 160 : 45753
insert success 72 of 160 : 45754
insert success 73 of 160 : 45755
insert success 74 of 160 : 45756
insert success 75 of 160 : 45757
insert success 76 of 160 : 45758
insert success 77 of 160 : 45759
insert success 78 of 160 : 45760
insert success 79 of 160 : 45761
insert success 80 of 160 : 45762
insert success 81 of 160 : 45763
insert success 82 of 160 : 45766
insert success 83 of 160 : 45772
insert success 84 of 160 : 45773
insert success 85 of 160 : 45774
insert success 86 of 160 : 45775
insert success 87 of 160 : 45776
insert success 88 of 160 : 45777
insert success 89 of 160 : 45778
insert success 90 of 160 : 45779
insert success 91 of 160 : 45780
insert success 92 of 160 : 45781
insert success 93 of 160 : 45782
insert success 94 of 160 : 45783
insert success 95 of 160 : 45784
insert success 96 of 160 : 45785
insert success 97 of 160 : 45786
insert success 98 of 160 : 45787
insert success 99 of 160 : 45788
insert success 100 of 160 : 45789
insert success 101 of 160 : 45790
insert success 102 of 160 : 45791
insert success 103 of 160 : 45792
insert success 104 of 160 : 45793
insert success 105 of 160 : 45794
insert success 106 of 160 : 45795
insert success 107 of 160 : 45796
insert success 108 of 160 : 45797
insert success 109 of 160 : 45798
insert success 110 of 160 : 45799
insert success 111 of 160 : 45800
insert success 112 of 160 : 45801
insert success 113 of 160 : 45803
insert success 114 of 160 : 45804
insert success 115 of 160 : 45805
insert success 116 of 160 : 45806
insert success 117 of 160 : 45807
insert success 118 of 160 : 45808
insert success 119 of 160 : 45809
insert success 120 of 160 : 45810
insert success 121 of 160 : 45811
insert success 122 of 160 : 45812
insert success 123 of 160 : 45813
insert success 124 of 160 : 45814
insert success 125 of 160 : 45815
insert success 126 of 160 : 45816
insert success 127 of 160 : 45817
insert success 128 of 160 : 45818
insert success 129 of 160 : 45819
insert success 130 of 160 : 45820
insert success 131 of 160 : 45821
insert success 132 of 160 : 45822
insert success 133 of 160 : 45823
insert success 134 of 160 : 45824
insert success 135 of 160 : 45825
insert success 136 of 160 : 45826
insert success 137 of 160 : 45827
insert success 138 of 160 : 45828
insert success 139 of 160 : 45839
insert success 140 of 160 : 45830
insert success 141 of 160 : 45832
insert success 142 of 160 : 45833
insert success 143 of 160 : 45834
insert success 144 of 160 : 45835
insert success 145 of 160 : 45836
insert success 146 of 160 : 45837
insert success 147 of 160 : 45838
insert success 148 of 160 : 45840
insert success 149 of 160 : 45841
insert success 150 of 160 : 45844
insert success 151 of 160 : 45858
insert success 152 of 160 : 45859
insert success 153 of 160 : 45860
insert success 154 of 160 : 45861
insert success 155 of 160 : 45862
insert success 156 of 160 : 45863
insert success 157 of 160 : 45864
insert success 158 of 160 : 45865
insert success 159 of 160 : 45866
insert success 160 of 160 : 45867
error list []
